This is pdfTeX, Version 3.141592653-2.6-1.40.24 (MiKTeX 21.12) (preloaded format=pdflatex 2022.1.12)  26 AUG 2023 22:09
entering extended mode
 restricted \write18 enabled.
 %&-line parsing enabled.
**./Speech_Assignment1.tex
(Speech_Assignment1.tex
LaTeX2e <2021-11-15> patch level 1
L3 programming layer <2021-11-22>
(C:\Users\Mohit\AppData\Local\Programs\MiKTeX\tex/latex/base\article.cls
Document Class: article 2021/10/04 v1.4n Standard LaTeX document class
(C:\Users\Mohit\AppData\Local\Programs\MiKTeX\tex/latex/base\size10.clo
File: size10.clo 2021/10/04 v1.4n Standard LaTeX file (size option)
)
\c@part=\count183
\c@section=\count184
\c@subsection=\count185
\c@subsubsection=\count186
\c@paragraph=\count187
\c@subparagraph=\count188
\c@figure=\count189
\c@table=\count190
\abovecaptionskip=\skip47
\belowcaptionskip=\skip48
\bibindent=\dimen138
)
(C:\Users\Mohit\AppData\Local\Programs\MiKTeX\tex/latex/graphics\graphicx.sty
Package: graphicx 2021/09/16 v1.2d Enhanced LaTeX Graphics (DPC,SPQR)

(C:\Users\Mohit\AppData\Local\Programs\MiKTeX\tex/latex/graphics\keyval.sty
Package: keyval 2014/10/28 v1.15 key=value parser (DPC)
\KV@toks@=\toks16
)
(C:\Users\Mohit\AppData\Local\Programs\MiKTeX\tex/latex/graphics\graphics.sty
Package: graphics 2021/03/04 v1.4d Standard LaTeX Graphics (DPC,SPQR)

(C:\Users\Mohit\AppData\Local\Programs\MiKTeX\tex/latex/graphics\trig.sty
Package: trig 2021/08/11 v1.11 sin cos tan (DPC)
)
(C:\Users\Mohit\AppData\Local\Programs\MiKTeX\tex/latex/graphics-cfg\graphics.c
fg
File: graphics.cfg 2016/06/04 v1.11 sample graphics configuration
)
Package graphics Info: Driver file: pdftex.def on input line 107.

(C:\Users\Mohit\AppData\Local\Programs\MiKTeX\tex/latex/graphics-def\pdftex.def
File: pdftex.def 2020/10/05 v1.2a Graphics/color driver for pdftex
))
\Gin@req@height=\dimen139
\Gin@req@width=\dimen140
) (C:\Users\Mohit\AppData\Local\Programs\MiKTeX\tex/latex/tools\verbatim.sty
Package: verbatim 2020-07-07 v1.5u LaTeX2e package for verbatim enhancements
\every@verbatim=\toks17
\verbatim@line=\toks18
\verbatim@in@stream=\read2
) (C:\Users\Mohit\AppData\Local\Programs\MiKTeX\tex/latex/base\inputenc.sty
Package: inputenc 2021/02/14 v1.3d Input encoding file
\inpenc@prehook=\toks19
\inpenc@posthook=\toks20
)
(C:\Users\Mohit\AppData\Local\Programs\MiKTeX\tex/latex/float\float.sty
Package: float 2001/11/08 v1.3d Float enhancements (AL)
\c@float@type=\count191
\float@exts=\toks21
\float@box=\box50
\@float@everytoks=\toks22
\@floatcapt=\box51
)
(C:\Users\Mohit\AppData\Local\Programs\MiKTeX\tex/latex/fancyvrb\fancyvrb.sty
Package: fancyvrb 2022/06/06 4.5 verbatim text (tvz,hv)
\FV@CodeLineNo=\count192
\FV@InFile=\read3
\FV@TabBox=\box52
\c@FancyVerbLine=\count193
\FV@StepNumber=\count194
\FV@OutFile=\write3
)
(C:\Users\Mohit\AppData\Local\Programs\MiKTeX\tex/latex/varwidth\varwidth.sty
Package: varwidth 2009/03/30 ver 0.92;  Variable-width minipages
\@vwid@box=\box53
\sift@deathcycles=\count195
\@vwid@loff=\dimen141
\@vwid@roff=\dimen142
)
(C:\Users\Mohit\AppData\Local\Programs\MiKTeX\tex/latex/amsmath\amsmath.sty
Package: amsmath 2021/10/15 v2.17l AMS math features
\@mathmargin=\skip49

For additional information on amsmath, use the `?' option.
(C:\Users\Mohit\AppData\Local\Programs\MiKTeX\tex/latex/amsmath\amstext.sty
Package: amstext 2021/08/26 v2.01 AMS text

(C:\Users\Mohit\AppData\Local\Programs\MiKTeX\tex/latex/amsmath\amsgen.sty
File: amsgen.sty 1999/11/30 v2.0 generic functions
\@emptytoks=\toks23
\ex@=\dimen143
))
(C:\Users\Mohit\AppData\Local\Programs\MiKTeX\tex/latex/amsmath\amsbsy.sty
Package: amsbsy 1999/11/29 v1.2d Bold Symbols
\pmbraise@=\dimen144
)
(C:\Users\Mohit\AppData\Local\Programs\MiKTeX\tex/latex/amsmath\amsopn.sty
Package: amsopn 2021/08/26 v2.02 operator names
)
\inf@bad=\count196
LaTeX Info: Redefining \frac on input line 234.
\uproot@=\count197
\leftroot@=\count198
LaTeX Info: Redefining \overline on input line 399.
\classnum@=\count199
\DOTSCASE@=\count266
LaTeX Info: Redefining \ldots on input line 496.
LaTeX Info: Redefining \dots on input line 499.
LaTeX Info: Redefining \cdots on input line 620.
\Mathstrutbox@=\box54
\strutbox@=\box55
\big@size=\dimen145
LaTeX Font Info:    Redeclaring font encoding OML on input line 743.
LaTeX Font Info:    Redeclaring font encoding OMS on input line 744.
\macc@depth=\count267
\c@MaxMatrixCols=\count268
\dotsspace@=\muskip16
\c@parentequation=\count269
\dspbrk@lvl=\count270
\tag@help=\toks24
\row@=\count271
\column@=\count272
\maxfields@=\count273
\andhelp@=\toks25
\eqnshift@=\dimen146
\alignsep@=\dimen147
\tagshift@=\dimen148
\tagwidth@=\dimen149
\totwidth@=\dimen150
\lineht@=\dimen151
\@envbody=\toks26
\multlinegap=\skip50
\multlinetaggap=\skip51
\mathdisplay@stack=\toks27
LaTeX Info: Redefining \[ on input line 2938.
LaTeX Info: Redefining \] on input line 2939.
)
(C:\Users\Mohit\AppData\Local\Programs\MiKTeX\tex/latex/siunitx\siunitx.sty
Package: siunitx 2022-01-05 v3.0.39 A comprehensive (SI) units package
\l__siunitx_angle_tmp_dim=\dimen152
\l__siunitx_angle_marker_box=\box56
\l__siunitx_angle_unit_box=\box57
\l__siunitx_compound_count_int=\count274

(C:\Users\Mohit\AppData\Local\Programs\MiKTeX\tex/latex/translations\translatio
ns.sty
Package: translations 2022/01/04 v1.11 internationalization of LaTeX2e packages
 (CN)

(C:\Users\Mohit\AppData\Local\Programs\MiKTeX\tex/latex/etoolbox\etoolbox.sty
Package: etoolbox 2020/10/05 v2.5k e-TeX tools for LaTeX (JAW)
\etb@tempcnta=\count275
)
(C:\Users\Mohit\AppData\Local\Programs\MiKTeX\tex/generic/pdftexcmds\pdftexcmds
.sty
Package: pdftexcmds 2020-06-27 v0.33 Utility functions of pdfTeX for LuaTeX (HO
)

(C:\Users\Mohit\AppData\Local\Programs\MiKTeX\tex/generic/infwarerr\infwarerr.s
ty
Package: infwarerr 2019/12/03 v1.5 Providing info/warning/error messages (HO)
) (C:\Users\Mohit\AppData\Local\Programs\MiKTeX\tex/generic/iftex\iftex.sty
Package: iftex 2020/03/06 v1.0d TeX engine tests
)
(C:\Users\Mohit\AppData\Local\Programs\MiKTeX\tex/generic/ltxcmds\ltxcmds.sty
Package: ltxcmds 2020-05-10 v1.25 LaTeX kernel commands for general use (HO)
)
Package pdftexcmds Info: \pdf@primitive is available.
Package pdftexcmds Info: \pdf@ifprimitive is available.
Package pdftexcmds Info: \pdfdraftmode found.
))
\l__siunitx_number_exponent_fixed_int=\count276
\l__siunitx_number_min_decimal_int=\count277
\l__siunitx_number_min_integer_int=\count278
\l__siunitx_number_round_precision_int=\count279
\l__siunitx_number_group_minimum_int=\count280
\l__siunitx_table_tmp_box=\box58
\l__siunitx_table_tmp_dim=\dimen153
\l__siunitx_table_column_width_dim=\dimen154
\l__siunitx_table_integer_box=\box59
\l__siunitx_table_decimal_box=\box60
\l__siunitx_table_before_box=\box61
\l__siunitx_table_after_box=\box62
\l__siunitx_table_before_dim=\dimen155
\l__siunitx_table_carry_dim=\dimen156
\l__siunitx_unit_tmp_int=\count281
\l__siunitx_unit_position_int=\count282
\l__siunitx_unit_total_int=\count283

(C:\Users\Mohit\AppData\Local\Programs\MiKTeX\tex/latex/l3packages/l3keys2e\l3k
eys2e.sty
(C:\Users\Mohit\AppData\Local\Programs\MiKTeX\tex/latex/l3kernel\expl3.sty
Package: expl3 2021-11-22 L3 programming layer (loader) 

(C:\Users\Mohit\AppData\Local\Programs\MiKTeX\tex/latex/l3backend\l3backend-pdf
tex.def
File: l3backend-pdftex.def 2021-10-18 L3 backend support: PDF output (pdfTeX)
\l__color_backend_stack_int=\count284
\l__pdf_internal_box=\box63
))
Package: l3keys2e 2021-11-12 LaTeX2e option processing using LaTeX3 keys
)
(C:\Users\Mohit\AppData\Local\Programs\MiKTeX\tex/latex/tools\array.sty
Package: array 2021/10/04 v2.5f Tabular extension package (FMi)
\col@sep=\dimen157
\ar@mcellbox=\box64
\extrarowheight=\dimen158
\NC@list=\toks28
\extratabsurround=\skip52
\backup@length=\skip53
\ar@cellbox=\box65
))
Package translations Info: No language package found. I am going to use `englis
h' as default language. on input line 19.

(Speech_Assignment1.aux)
\openout1 = `Speech_Assignment1.aux'.

LaTeX Font Info:    Checking defaults for OML/cmm/m/it on input line 19.
LaTeX Font Info:    ... okay on input line 19.
LaTeX Font Info:    Checking defaults for OMS/cmsy/m/n on input line 19.
LaTeX Font Info:    ... okay on input line 19.
LaTeX Font Info:    Checking defaults for OT1/cmr/m/n on input line 19.
LaTeX Font Info:    ... okay on input line 19.
LaTeX Font Info:    Checking defaults for T1/cmr/m/n on input line 19.
LaTeX Font Info:    ... okay on input line 19.
LaTeX Font Info:    Checking defaults for TS1/cmr/m/n on input line 19.
LaTeX Font Info:    ... okay on input line 19.
LaTeX Font Info:    Checking defaults for OMX/cmex/m/n on input line 19.
LaTeX Font Info:    ... okay on input line 19.
LaTeX Font Info:    Checking defaults for U/cmr/m/n on input line 19.
LaTeX Font Info:    ... okay on input line 19.

(C:\Users\Mohit\AppData\Local\Programs\MiKTeX\tex/context/base/mkii\supp-pdf.mk
ii
[Loading MPS to PDF converter (version 2006.09.02).]
\scratchcounter=\count285
\scratchdimen=\dimen159
\scratchbox=\box66
\nofMPsegments=\count286
\nofMParguments=\count287
\everyMPshowfont=\toks29
\MPscratchCnt=\count288
\MPscratchDim=\dimen160
\MPnumerator=\count289
\makeMPintoPDFobject=\count290
\everyMPtoPDFconversion=\toks30
)
(C:\Users\Mohit\AppData\Local\Programs\MiKTeX\tex/latex/epstopdf-pkg\epstopdf-b
ase.sty
Package: epstopdf-base 2020-01-24 v2.11 Base part for package epstopdf
Package epstopdf-base Info: Redefining graphics rule for `.eps' on input line 4
85.

(C:\Users\Mohit\AppData\Local\Programs\MiKTeX\tex/latex/00miktex\epstopdf-sys.c
fg
File: epstopdf-sys.cfg 2021/03/18 v2.0 Configuration of epstopdf for MiKTeX
)) (C:\Users\Mohit\AppData\Local\Programs\MiKTeX\tex/latex/graphics\color.sty
Package: color 2021/10/11 v1.3b Standard LaTeX Color (DPC)
(C:\Users\Mohit\AppData\Local\Programs\MiKTeX\tex/latex/graphics-cfg\color.cfg
File: color.cfg 2016/01/02 v1.6 sample color configuration
)
Package color Info: Driver file: pdftex.def on input line 149.
)
(C:\Users\Mohit\AppData\Local\Programs\MiKTeX\tex/latex/translations/dicts\tran
slations-basic-dictionary-english.trsl
File: translations-basic-dictionary-english.trsl (english translation file `tra
nslations-basic-dictionary')
)
Package translations Info: loading dictionary `translations-basic-dictionary' f
or `english'. on input line 19.
<LOGO.jpeg, id=1, 1204.5pt x 1180.41pt>
File: LOGO.jpeg Graphic file (type jpg)
<use LOGO.jpeg>
Package pdftex.def Info: LOGO.jpeg  used on input line 24.
(pdftex.def)             Requested size: 240.89574pt x 236.07782pt.
 [1

{C:/Users/Mohit/AppData/Local/MiKTeX/fonts/map/pdftex/pdftex.map} <./LOGO.jpeg>
]
Underfull \hbox (badness 10000) in paragraph at lines 37--41

 []

<H.png, id=10, 229.45724pt x 118.041pt>
File: H.png Graphic file (type png)
<use H.png>
Package pdftex.def Info: H.png  used on input line 48.
(pdftex.def)             Requested size: 183.56602pt x 94.4329pt.

Underfull \hbox (badness 10000) in paragraph at lines 52--55

 []

<Q1.png, id=12, 460.3599pt x 328.8285pt>
File: Q1.png Graphic file (type png)
<use Q1.png>
Package pdftex.def Info: Q1.png  used on input line 67.
(pdftex.def)             Requested size: 230.17938pt x 164.41385pt.
[2 <./H.png>]
<Q1_Signal.png, id=17, 284.7438pt x 346.896pt>
File: Q1_Signal.png Graphic file (type png)
<use Q1_Signal.png>
Package pdftex.def Info: Q1_Signal.png  used on input line 74.
(pdftex.def)             Requested size: 142.37155pt x 173.44757pt.
<Q1_Impulse.png, id=18, 213.1965pt x 328.8285pt>
File: Q1_Impulse.png Graphic file (type png)
<use Q1_Impulse.png>
Package pdftex.def Info: Q1_Impulse.png  used on input line 81.
(pdftex.def)             Requested size: 106.59798pt x 164.41385pt.
 [3 <./Q1.png> <./Q1_Signal.png>]
Overfull \hbox (15.25066pt too wide) in paragraph at lines 94--95
\OT1/cmr/m/n/10 The in-put wave-form was ap-prox-i-mated us-ing a square-wave h
av-ing duty-cycle=0.01. 
 []


Underfull \hbox (badness 10000) in paragraph at lines 94--95

 []

<Q2_Response.png, id=24, 409.0482pt x 328.8285pt>
File: Q2_Response.png Graphic file (type png)
<use Q2_Response.png>
Package pdftex.def Info: Q2_Response.png  used on input line 106.
(pdftex.def)             Requested size: 204.52359pt x 164.41385pt.
[4 <./Q1_Impulse.png>]
<Q2_Train.png, id=29, 419.166pt x 330.2739pt>
File: Q2_Train.png Graphic file (type png)
<use Q2_Train.png>
Package pdftex.def Info: Q2_Train.png  used on input line 113.
(pdftex.def)             Requested size: 209.58249pt x 165.13654pt.

Underfull \hbox (badness 10000) in paragraph at lines 125--129

 []

[5 <./Q2_Response.png> <./Q2_Train.png>]
<Q3_A.png, id=35, 427.1157pt x 346.896pt>
File: Q3_A.png Graphic file (type png)
<use Q3_A.png>
Package pdftex.def Info: Q3_A.png  used on input line 141.
(pdftex.def)             Requested size: 213.55733pt x 173.44757pt.
<Q3_AR.png, id=36, 415.5525pt x 328.8285pt>
File: Q3_AR.png Graphic file (type png)
<use Q3_AR.png>
Package pdftex.def Info: Q3_AR.png  used on input line 148.
(pdftex.def)             Requested size: 207.77574pt x 164.41385pt.
<Q3_B.png, id=37, 431.4519pt x 346.896pt>
File: Q3_B.png Graphic file (type png)
<use Q3_B.png>
Package pdftex.def Info: Q3_B.png  used on input line 156.
(pdftex.def)             Requested size: 215.72542pt x 173.44757pt.
 [6 <./Q3_A.png> <./Q3_AR.png>]
<Q3_BR.png, id=43, 409.7709pt x 328.8285pt>
File: Q3_BR.png Graphic file (type png)
<use Q3_BR.png>
Package pdftex.def Info: Q3_BR.png  used on input line 163.
(pdftex.def)             Requested size: 204.88495pt x 164.41385pt.
<Q3_C.png, id=44, 427.1157pt x 346.896pt>
File: Q3_C.png Graphic file (type png)
<use Q3_C.png>
Package pdftex.def Info: Q3_C.png  used on input line 170.
(pdftex.def)             Requested size: 213.55733pt x 173.44757pt.

[7 <./Q3_B.png> <./Q3_BR.png>]
<Q3_CR.png, id=51, 419.166pt x 328.8285pt>
File: Q3_CR.png Graphic file (type png)
<use Q3_CR.png>
Package pdftex.def Info: Q3_CR.png  used on input line 177.
(pdftex.def)             Requested size: 209.58249pt x 164.41385pt.

Underfull \hbox (badness 10000) in paragraph at lines 182--183

 []


Underfull \hbox (badness 10000) in paragraph at lines 184--185

 []

[8 <./Q3_C.png> <./Q3_CR.png>]
Underfull \hbox (badness 10000) in paragraph at lines 190--195

 []

<Q4_A1.png, id=57, 417.7206pt x 346.896pt>
File: Q4_A1.png Graphic file (type png)
<use Q4_A1.png>
Package pdftex.def Info: Q4_A1.png  used on input line 208.
(pdftex.def)             Requested size: 208.85979pt x 173.44757pt.
[9]
<Q4_A1R.png, id=61, 422.0568pt x 328.8285pt>
File: Q4_A1R.png Graphic file (type png)
<use Q4_A1R.png>
Package pdftex.def Info: Q4_A1R.png  used on input line 215.
(pdftex.def)             Requested size: 211.02788pt x 164.41385pt.
<Q4_A2.png, id=62, 417.7206pt x 346.896pt>
File: Q4_A2.png Graphic file (type png)
<use Q4_A2.png>
Package pdftex.def Info: Q4_A2.png  used on input line 222.
(pdftex.def)             Requested size: 208.85979pt x 173.44757pt.
 [10 <./Q4_A1.png> <./Q4_A1R.png>]
<Q4_A2R.png, id=68, 422.0568pt x 328.8285pt>
File: Q4_A2R.png Graphic file (type png)
<use Q4_A2R.png>
Package pdftex.def Info: Q4_A2R.png  used on input line 229.
(pdftex.def)             Requested size: 211.02788pt x 164.41385pt.
<Q4_B1.png, id=69, 417.7206pt x 346.896pt>
File: Q4_B1.png Graphic file (type png)
<use Q4_B1.png>
Package pdftex.def Info: Q4_B1.png  used on input line 236.
(pdftex.def)             Requested size: 208.85979pt x 173.44757pt.
 [11 <./Q4_A2.png> <./Q4_A2R.png>]
<Q4_B1R.png, id=75, 415.5525pt x 328.8285pt>
File: Q4_B1R.png Graphic file (type png)
<use Q4_B1R.png>
Package pdftex.def Info: Q4_B1R.png  used on input line 243.
(pdftex.def)             Requested size: 207.77574pt x 164.41385pt.
<Q4_B2.png, id=76, 417.7206pt x 346.896pt>
File: Q4_B2.png Graphic file (type png)
<use Q4_B2.png>
Package pdftex.def Info: Q4_B2.png  used on input line 250.
(pdftex.def)             Requested size: 208.85979pt x 173.44757pt.

[12 <./Q4_B1.png> <./Q4_B1R.png>]
<Q4_B2R.png, id=82, 415.5525pt x 328.8285pt>
File: Q4_B2R.png Graphic file (type png)
<use Q4_B2R.png>
Package pdftex.def Info: Q4_B2R.png  used on input line 257.
(pdftex.def)             Requested size: 207.77574pt x 164.41385pt.
<Q4_C1.png, id=83, 417.7206pt x 346.896pt>
File: Q4_C1.png Graphic file (type png)
<use Q4_C1.png>
Package pdftex.def Info: Q4_C1.png  used on input line 264.
(pdftex.def)             Requested size: 208.85979pt x 173.44757pt.
 [13 <./Q4_B2.png> <./Q4_B2R.png>]
<Q4_C1R.png, id=90, 422.0568pt x 328.8285pt>
File: Q4_C1R.png Graphic file (type png)
<use Q4_C1R.png>
Package pdftex.def Info: Q4_C1R.png  used on input line 271.
(pdftex.def)             Requested size: 211.02788pt x 164.41385pt.
<Q4_C2.png, id=91, 417.7206pt x 346.896pt>
File: Q4_C2.png Graphic file (type png)
<use Q4_C2.png>
Package pdftex.def Info: Q4_C2.png  used on input line 278.
(pdftex.def)             Requested size: 208.85979pt x 173.44757pt.
 [14 <./Q4_C1.png> <./Q4_C1R.png>]
<Q4_C2R.png, id=97, 422.0568pt x 328.8285pt>
File: Q4_C2R.png Graphic file (type png)
<use Q4_C2R.png>
Package pdftex.def Info: Q4_C2R.png  used on input line 285.
(pdftex.def)             Requested size: 211.02788pt x 164.41385pt.

Underfull \hbox (badness 10000) in paragraph at lines 290--291

 []

[15 <./Q4_C2.png> <./Q4_C2R.png>] (Speech_Assignment1.aux) ) 
Here is how much of TeX's memory you used:
 6843 strings out of 478659
 159505 string characters out of 2845920
 427591 words of memory out of 3000000
 24879 multiletter control sequences out of 15000+600000
 408505 words of font info for 45 fonts, out of 8000000 for 9000
 1141 hyphenation exceptions out of 8191
 71i,7n,77p,548b,512s stack positions out of 5000i,500n,10000p,200000b,80000s
<C:/Users/Mohit/App
Data/Local/Programs/MiKTeX/fonts/type1/public/amsfonts/cm/cmbx12.pfb><C:/Users/
Mohit/AppData/Local/Programs/MiKTeX/fonts/type1/public/amsfonts/cm/cmr10.pfb><C
:/Users/Mohit/AppData/Local/Programs/MiKTeX/fonts/type1/public/amsfonts/cm/cmr1
2.pfb><C:/Users/Mohit/AppData/Local/Programs/MiKTeX/fonts/type1/public/amsfonts
/cm/cmr17.pfb>
Output written on Speech_Assignment1.pdf (15 pages, 1234533 bytes).
PDF statistics:
 121 PDF objects out of 1000 (max. 8388607)
 0 named destinations out of 1000 (max. 500000)
 126 words of extra memory for PDF output out of 10000 (max. 10000000)

