This is pdfTeX, Version 3.141592653-2.6-1.40.24 (MiKTeX 21.12) (preloaded format=pdflatex 2022.1.12)  7 SEP 2023 14:16
entering extended mode
 restricted \write18 enabled.
 %&-line parsing enabled.
**./Assignment1b_Report.tex
(Assignment1b_Report.tex
LaTeX2e <2021-11-15> patch level 1
L3 programming layer <2021-11-22>
(C:\Users\Mohit\AppData\Local\Programs\MiKTeX\tex/latex/base\article.cls
Document Class: article 2021/10/04 v1.4n Standard LaTeX document class
(C:\Users\Mohit\AppData\Local\Programs\MiKTeX\tex/latex/base\size10.clo
File: size10.clo 2021/10/04 v1.4n Standard LaTeX file (size option)
)
\c@part=\count183
\c@section=\count184
\c@subsection=\count185
\c@subsubsection=\count186
\c@paragraph=\count187
\c@subparagraph=\count188
\c@figure=\count189
\c@table=\count190
\abovecaptionskip=\skip47
\belowcaptionskip=\skip48
\bibindent=\dimen138
)
(C:\Users\Mohit\AppData\Local\Programs\MiKTeX\tex/latex/graphics\graphicx.sty
Package: graphicx 2021/09/16 v1.2d Enhanced LaTeX Graphics (DPC,SPQR)

(C:\Users\Mohit\AppData\Local\Programs\MiKTeX\tex/latex/graphics\keyval.sty
Package: keyval 2014/10/28 v1.15 key=value parser (DPC)
\KV@toks@=\toks16
)
(C:\Users\Mohit\AppData\Local\Programs\MiKTeX\tex/latex/graphics\graphics.sty
Package: graphics 2021/03/04 v1.4d Standard LaTeX Graphics (DPC,SPQR)

(C:\Users\Mohit\AppData\Local\Programs\MiKTeX\tex/latex/graphics\trig.sty
Package: trig 2021/08/11 v1.11 sin cos tan (DPC)
)
(C:\Users\Mohit\AppData\Local\Programs\MiKTeX\tex/latex/graphics-cfg\graphics.c
fg
File: graphics.cfg 2016/06/04 v1.11 sample graphics configuration
)
Package graphics Info: Driver file: pdftex.def on input line 107.

(C:\Users\Mohit\AppData\Local\Programs\MiKTeX\tex/latex/graphics-def\pdftex.def
File: pdftex.def 2020/10/05 v1.2a Graphics/color driver for pdftex
))
\Gin@req@height=\dimen139
\Gin@req@width=\dimen140
) (C:\Users\Mohit\AppData\Local\Programs\MiKTeX\tex/latex/tools\verbatim.sty
Package: verbatim 2020-07-07 v1.5u LaTeX2e package for verbatim enhancements
\every@verbatim=\toks17
\verbatim@line=\toks18
\verbatim@in@stream=\read2
) (C:\Users\Mohit\AppData\Local\Programs\MiKTeX\tex/latex/base\inputenc.sty
Package: inputenc 2021/02/14 v1.3d Input encoding file
\inpenc@prehook=\toks19
\inpenc@posthook=\toks20
)
(C:\Users\Mohit\AppData\Local\Programs\MiKTeX\tex/latex/float\float.sty
Package: float 2001/11/08 v1.3d Float enhancements (AL)
\c@float@type=\count191
\float@exts=\toks21
\float@box=\box50
\@float@everytoks=\toks22
\@floatcapt=\box51
)
(C:\Users\Mohit\AppData\Local\Programs\MiKTeX\tex/latex/fancyvrb\fancyvrb.sty
Package: fancyvrb 2022/06/06 4.5 verbatim text (tvz,hv)
\FV@CodeLineNo=\count192
\FV@InFile=\read3
\FV@TabBox=\box52
\c@FancyVerbLine=\count193
\FV@StepNumber=\count194
\FV@OutFile=\write3
)
(C:\Users\Mohit\AppData\Local\Programs\MiKTeX\tex/latex/varwidth\varwidth.sty
Package: varwidth 2009/03/30 ver 0.92;  Variable-width minipages
\@vwid@box=\box53
\sift@deathcycles=\count195
\@vwid@loff=\dimen141
\@vwid@roff=\dimen142
)
(C:\Users\Mohit\AppData\Local\Programs\MiKTeX\tex/latex/amsmath\amsmath.sty
Package: amsmath 2021/10/15 v2.17l AMS math features
\@mathmargin=\skip49

For additional information on amsmath, use the `?' option.
(C:\Users\Mohit\AppData\Local\Programs\MiKTeX\tex/latex/amsmath\amstext.sty
Package: amstext 2021/08/26 v2.01 AMS text

(C:\Users\Mohit\AppData\Local\Programs\MiKTeX\tex/latex/amsmath\amsgen.sty
File: amsgen.sty 1999/11/30 v2.0 generic functions
\@emptytoks=\toks23
\ex@=\dimen143
))
(C:\Users\Mohit\AppData\Local\Programs\MiKTeX\tex/latex/amsmath\amsbsy.sty
Package: amsbsy 1999/11/29 v1.2d Bold Symbols
\pmbraise@=\dimen144
)
(C:\Users\Mohit\AppData\Local\Programs\MiKTeX\tex/latex/amsmath\amsopn.sty
Package: amsopn 2021/08/26 v2.02 operator names
)
\inf@bad=\count196
LaTeX Info: Redefining \frac on input line 234.
\uproot@=\count197
\leftroot@=\count198
LaTeX Info: Redefining \overline on input line 399.
\classnum@=\count199
\DOTSCASE@=\count266
LaTeX Info: Redefining \ldots on input line 496.
LaTeX Info: Redefining \dots on input line 499.
LaTeX Info: Redefining \cdots on input line 620.
\Mathstrutbox@=\box54
\strutbox@=\box55
\big@size=\dimen145
LaTeX Font Info:    Redeclaring font encoding OML on input line 743.
LaTeX Font Info:    Redeclaring font encoding OMS on input line 744.
\macc@depth=\count267
\c@MaxMatrixCols=\count268
\dotsspace@=\muskip16
\c@parentequation=\count269
\dspbrk@lvl=\count270
\tag@help=\toks24
\row@=\count271
\column@=\count272
\maxfields@=\count273
\andhelp@=\toks25
\eqnshift@=\dimen146
\alignsep@=\dimen147
\tagshift@=\dimen148
\tagwidth@=\dimen149
\totwidth@=\dimen150
\lineht@=\dimen151
\@envbody=\toks26
\multlinegap=\skip50
\multlinetaggap=\skip51
\mathdisplay@stack=\toks27
LaTeX Info: Redefining \[ on input line 2938.
LaTeX Info: Redefining \] on input line 2939.
)
(C:\Users\Mohit\AppData\Local\Programs\MiKTeX\tex/latex/siunitx\siunitx.sty
Package: siunitx 2022-01-05 v3.0.39 A comprehensive (SI) units package
\l__siunitx_angle_tmp_dim=\dimen152
\l__siunitx_angle_marker_box=\box56
\l__siunitx_angle_unit_box=\box57
\l__siunitx_compound_count_int=\count274

(C:\Users\Mohit\AppData\Local\Programs\MiKTeX\tex/latex/translations\translatio
ns.sty
Package: translations 2022/01/04 v1.11 internationalization of LaTeX2e packages
 (CN)

(C:\Users\Mohit\AppData\Local\Programs\MiKTeX\tex/latex/etoolbox\etoolbox.sty
Package: etoolbox 2020/10/05 v2.5k e-TeX tools for LaTeX (JAW)
\etb@tempcnta=\count275
)
(C:\Users\Mohit\AppData\Local\Programs\MiKTeX\tex/generic/pdftexcmds\pdftexcmds
.sty
Package: pdftexcmds 2020-06-27 v0.33 Utility functions of pdfTeX for LuaTeX (HO
)

(C:\Users\Mohit\AppData\Local\Programs\MiKTeX\tex/generic/infwarerr\infwarerr.s
ty
Package: infwarerr 2019/12/03 v1.5 Providing info/warning/error messages (HO)
) (C:\Users\Mohit\AppData\Local\Programs\MiKTeX\tex/generic/iftex\iftex.sty
Package: iftex 2020/03/06 v1.0d TeX engine tests
)
(C:\Users\Mohit\AppData\Local\Programs\MiKTeX\tex/generic/ltxcmds\ltxcmds.sty
Package: ltxcmds 2020-05-10 v1.25 LaTeX kernel commands for general use (HO)
)
Package pdftexcmds Info: \pdf@primitive is available.
Package pdftexcmds Info: \pdf@ifprimitive is available.
Package pdftexcmds Info: \pdfdraftmode found.
))
\l__siunitx_number_exponent_fixed_int=\count276
\l__siunitx_number_min_decimal_int=\count277
\l__siunitx_number_min_integer_int=\count278
\l__siunitx_number_round_precision_int=\count279
\l__siunitx_number_group_minimum_int=\count280
\l__siunitx_table_tmp_box=\box58
\l__siunitx_table_tmp_dim=\dimen153
\l__siunitx_table_column_width_dim=\dimen154
\l__siunitx_table_integer_box=\box59
\l__siunitx_table_decimal_box=\box60
\l__siunitx_table_before_box=\box61
\l__siunitx_table_after_box=\box62
\l__siunitx_table_before_dim=\dimen155
\l__siunitx_table_carry_dim=\dimen156
\l__siunitx_unit_tmp_int=\count281
\l__siunitx_unit_position_int=\count282
\l__siunitx_unit_total_int=\count283

(C:\Users\Mohit\AppData\Local\Programs\MiKTeX\tex/latex/l3packages/l3keys2e\l3k
eys2e.sty
(C:\Users\Mohit\AppData\Local\Programs\MiKTeX\tex/latex/l3kernel\expl3.sty
Package: expl3 2021-11-22 L3 programming layer (loader) 

(C:\Users\Mohit\AppData\Local\Programs\MiKTeX\tex/latex/l3backend\l3backend-pdf
tex.def
File: l3backend-pdftex.def 2021-10-18 L3 backend support: PDF output (pdfTeX)
\l__color_backend_stack_int=\count284
\l__pdf_internal_box=\box63
))
Package: l3keys2e 2021-11-12 LaTeX2e option processing using LaTeX3 keys
)
(C:\Users\Mohit\AppData\Local\Programs\MiKTeX\tex/latex/tools\array.sty
Package: array 2021/10/04 v2.5f Tabular extension package (FMi)
\col@sep=\dimen157
\ar@mcellbox=\box64
\extrarowheight=\dimen158
\NC@list=\toks28
\extratabsurround=\skip52
\backup@length=\skip53
\ar@cellbox=\box65
))
(C:\Users\Mohit\AppData\Local\Programs\MiKTeX\tex/latex/caption\caption.sty
Package: caption 2023/03/12 v3.6j Customizing captions (AR)

(C:\Users\Mohit\AppData\Local\Programs\MiKTeX\tex/latex/caption\caption3.sty
Package: caption3 2023/03/12 v2.4 caption3 kernel (AR)
\caption@tempdima=\dimen159
\captionmargin=\dimen160
\caption@leftmargin=\dimen161
\caption@rightmargin=\dimen162
\caption@width=\dimen163
\caption@indent=\dimen164
\caption@parindent=\dimen165
\caption@hangindent=\dimen166
Package caption Info: Standard document class detected.
)
\c@caption@flags=\count285
\c@continuedfloat=\count286
Package caption Info: float package is loaded.
)
(C:\Users\Mohit\AppData\Local\Programs\MiKTeX\tex/latex/caption\subcaption.sty
Package: subcaption 2023/02/19 v1.6 Sub-captions (AR)
Package caption Info: New subtype `subfigure' on input line 239.
\c@subfigure=\count287
Package caption Info: New subtype `subtable' on input line 239.
\c@subtable=\count288
)
Package translations Info: No language package found. I am going to use `englis
h' as default language. on input line 20.
(Assignment1b_Report.aux

LaTeX Warning: Label `tab:title' multiply defined.

)
\openout1 = `Assignment1b_Report.aux'.

LaTeX Font Info:    Checking defaults for OML/cmm/m/it on input line 20.
LaTeX Font Info:    ... okay on input line 20.
LaTeX Font Info:    Checking defaults for OMS/cmsy/m/n on input line 20.
LaTeX Font Info:    ... okay on input line 20.
LaTeX Font Info:    Checking defaults for OT1/cmr/m/n on input line 20.
LaTeX Font Info:    ... okay on input line 20.
LaTeX Font Info:    Checking defaults for T1/cmr/m/n on input line 20.
LaTeX Font Info:    ... okay on input line 20.
LaTeX Font Info:    Checking defaults for TS1/cmr/m/n on input line 20.
LaTeX Font Info:    ... okay on input line 20.
LaTeX Font Info:    Checking defaults for OMX/cmex/m/n on input line 20.
LaTeX Font Info:    ... okay on input line 20.
LaTeX Font Info:    Checking defaults for U/cmr/m/n on input line 20.
LaTeX Font Info:    ... okay on input line 20.

(C:\Users\Mohit\AppData\Local\Programs\MiKTeX\tex/context/base/mkii\supp-pdf.mk
ii
[Loading MPS to PDF converter (version 2006.09.02).]
\scratchcounter=\count289
\scratchdimen=\dimen167
\scratchbox=\box66
\nofMPsegments=\count290
\nofMParguments=\count291
\everyMPshowfont=\toks29
\MPscratchCnt=\count292
\MPscratchDim=\dimen168
\MPnumerator=\count293
\makeMPintoPDFobject=\count294
\everyMPtoPDFconversion=\toks30
)
(C:\Users\Mohit\AppData\Local\Programs\MiKTeX\tex/latex/epstopdf-pkg\epstopdf-b
ase.sty
Package: epstopdf-base 2020-01-24 v2.11 Base part for package epstopdf
Package epstopdf-base Info: Redefining graphics rule for `.eps' on input line 4
85.

(C:\Users\Mohit\AppData\Local\Programs\MiKTeX\tex/latex/00miktex\epstopdf-sys.c
fg
File: epstopdf-sys.cfg 2021/03/18 v2.0 Configuration of epstopdf for MiKTeX
)) (C:\Users\Mohit\AppData\Local\Programs\MiKTeX\tex/latex/graphics\color.sty
Package: color 2021/10/11 v1.3b Standard LaTeX Color (DPC)
(C:\Users\Mohit\AppData\Local\Programs\MiKTeX\tex/latex/graphics-cfg\color.cfg
File: color.cfg 2016/01/02 v1.6 sample color configuration
)
Package color Info: Driver file: pdftex.def on input line 149.
)
(C:\Users\Mohit\AppData\Local\Programs\MiKTeX\tex/latex/translations/dicts\tran
slations-basic-dictionary-english.trsl
File: translations-basic-dictionary-english.trsl (english translation file `tra
nslations-basic-dictionary')
)
Package translations Info: loading dictionary `translations-basic-dictionary' f
or `english'. on input line 20.
Package caption Info: Begin \AtBeginDocument code.
Package caption Info: End \AtBeginDocument code.
<LOGO.jpeg, id=1, 1204.5pt x 1180.41pt>
File: LOGO.jpeg Graphic file (type jpg)
<use LOGO.jpeg>
Package pdftex.def Info: LOGO.jpeg  used on input line 25.
(pdftex.def)             Requested size: 240.89574pt x 236.07782pt.
 [1

{C:/Users/Mohit/AppData/Local/MiKTeX/fonts/map/pdftex/pdftex.map} <./LOGO.jpeg>
]
<Q4_C1.png, id=10, 417.7206pt x 346.896pt>
File: Q4_C1.png Graphic file (type png)
<use Q4_C1.png>
Package pdftex.def Info: Q4_C1.png  used on input line 53.
(pdftex.def)             Requested size: 208.85979pt x 173.44757pt.
 [2 <./Q4_C1.png>]
<ham_5_120.png, id=16, 627.3036pt x 339.669pt>
File: ham_5_120.png Graphic file (type png)
<use ham_5_120.png>
Package pdftex.def Info: ham_5_120.png  used on input line 60.
(pdftex.def)             Requested size: 313.65103pt x 169.83408pt.
<ham_5_220.png, id=17, 627.3036pt x 339.669pt>
File: ham_5_220.png Graphic file (type png)
<use ham_5_220.png>
Package pdftex.def Info: ham_5_220.png  used on input line 61.
(pdftex.def)             Requested size: 313.65103pt x 169.83408pt.
<ham_10_120.png, id=18, 635.976pt x 339.669pt>
File: ham_10_120.png Graphic file (type png)
<use ham_10_120.png>
Package pdftex.def Info: ham_10_120.png  used on input line 67.
(pdftex.def)             Requested size: 317.98721pt x 169.83408pt.
<ham_10_220.png, id=19, 635.976pt x 339.669pt>
File: ham_10_220.png Graphic file (type png)
<use ham_10_220.png>
Package pdftex.def Info: ham_10_220.png  used on input line 68.
(pdftex.def)             Requested size: 317.98721pt x 169.83408pt.
 [3 <./ham_5_120.png> <./ham_5_220.png>] [4 <./ham_10_120.png> <./ham_10_220.pn
g>]
<ham_20_120.png, id=30, 635.976pt x 339.669pt>
File: ham_20_120.png Graphic file (type png)
<use ham_20_120.png>
Package pdftex.def Info: ham_20_120.png  used on input line 75.
(pdftex.def)             Requested size: 317.98721pt x 169.83408pt.
<ham_20_220.png, id=31, 635.976pt x 339.669pt>
File: ham_20_220.png Graphic file (type png)
<use ham_20_220.png>
Package pdftex.def Info: ham_20_220.png  used on input line 76.
(pdftex.def)             Requested size: 317.98721pt x 169.83408pt.
<ham_40_120.png, id=32, 635.976pt x 339.669pt>
File: ham_40_120.png Graphic file (type png)
<use ham_40_120.png>
Package pdftex.def Info: ham_40_120.png  used on input line 82.
(pdftex.def)             Requested size: 317.98721pt x 169.83408pt.
<ham_40_220.png, id=33, 635.976pt x 339.669pt>
File: ham_40_220.png Graphic file (type png)
<use ham_40_220.png>
Package pdftex.def Info: ham_40_220.png  used on input line 83.
(pdftex.def)             Requested size: 317.98721pt x 169.83408pt.
 [5 <./ham_20_120.png> <./ham_20_220.png>] [6 <./ham_40_120.png> <./ham_40_220.
png>]
<rect_5_120.png, id=44, 641.0349pt x 339.669pt>
File: rect_5_120.png Graphic file (type png)
<use rect_5_120.png>
Package pdftex.def Info: rect_5_120.png  used on input line 90.
(pdftex.def)             Requested size: 320.51666pt x 169.83408pt.
<rect_5_220.png, id=45, 641.0349pt x 339.669pt>
File: rect_5_220.png Graphic file (type png)
<use rect_5_220.png>
Package pdftex.def Info: rect_5_220.png  used on input line 91.
(pdftex.def)             Requested size: 320.51666pt x 169.83408pt.
<rect_10_120.png, id=46, 648.9846pt x 339.669pt>
File: rect_10_120.png Graphic file (type png)
<use rect_10_120.png>
Package pdftex.def Info: rect_10_120.png  used on input line 97.
(pdftex.def)             Requested size: 324.4915pt x 169.83408pt.
<rect_10_220.png, id=47, 649.7073pt x 339.669pt>
File: rect_10_220.png Graphic file (type png)
<use rect_10_220.png>
Package pdftex.def Info: rect_10_220.png  used on input line 98.
(pdftex.def)             Requested size: 324.85286pt x 169.83408pt.
 [7 <./rect_5_120.png> <./rect_5_220.png>] [8 <./rect_10_120.png> <./rect_10_22
0.png>]
<rect_20_120.png, id=59, 649.7073pt x 339.669pt>
File: rect_20_120.png Graphic file (type png)
<use rect_20_120.png>
Package pdftex.def Info: rect_20_120.png  used on input line 105.
(pdftex.def)             Requested size: 324.85286pt x 169.83408pt.
<rect_20_220.png, id=60, 649.7073pt x 339.669pt>
File: rect_20_220.png Graphic file (type png)
<use rect_20_220.png>
Package pdftex.def Info: rect_20_220.png  used on input line 106.
(pdftex.def)             Requested size: 324.85286pt x 169.83408pt.
<rect_40_120.png, id=61, 649.7073pt x 339.669pt>
File: rect_40_120.png Graphic file (type png)
<use rect_40_120.png>
Package pdftex.def Info: rect_40_120.png  used on input line 112.
(pdftex.def)             Requested size: 324.85286pt x 169.83408pt.
<rect_40_220.png, id=62, 649.7073pt x 339.669pt>
File: rect_40_220.png Graphic file (type png)
<use rect_40_220.png>
Package pdftex.def Info: rect_40_220.png  used on input line 113.
(pdftex.def)             Requested size: 324.85286pt x 169.83408pt.

[9 <./rect_20_120.png> <./rect_20_220.png>] [10 <./rect_40_120.png> <./rect_40_
220.png>]
Overfull \hbox (89.90344pt too wide) in paragraph at lines 124--138
 [] 
 []


Overfull \hbox (89.90344pt too wide) in paragraph at lines 142--156
 [] 
 []

[11] [12] (Assignment1b_Report.aux)

LaTeX Warning: There were multiply-defined labels.

 ) 
Here is how much of TeX's memory you used:
 8247 strings out of 478659
 187578 string characters out of 2845920
 467082 words of memory out of 3000000
 26281 multiletter control sequences out of 15000+600000
 408840 words of font info for 46 fonts, out of 8000000 for 9000
 1141 hyphenation exceptions out of 8191
 71i,7n,77p,708b,512s stack positions out of 5000i,500n,10000p,200000b,80000s
{C:/Users/Mohit/AppData/Local/Programs/MiKTeX/fonts/enc/dvips/cm-super/cm-sup
er-ts1.enc}<C:/Users/Mohit/AppData/Local/Programs/MiKTeX/fonts/type1/public/ams
fonts/cm/cmbx12.pfb><C:/Users/Mohit/AppData/Local/Programs/MiKTeX/fonts/type1/p
ublic/amsfonts/cm/cmr10.pfb><C:/Users/Mohit/AppData/Local/Programs/MiKTeX/fonts
/type1/public/amsfonts/cm/cmr12.pfb><C:/Users/Mohit/AppData/Local/Programs/MiKT
eX/fonts/type1/public/amsfonts/cm/cmr17.pfb><C:/Users/Mohit/AppData/Local/Progr
ams/MiKTeX/fonts/type1/public/cm-super/sfrm1000.pfb>
Output written on Assignment1b_Report.pdf (12 pages, 825912 bytes).
PDF statistics:
 103 PDF objects out of 1000 (max. 8388607)
 0 named destinations out of 1000 (max. 500000)
 91 words of extra memory for PDF output out of 10000 (max. 10000000)

