This is pdfTeX, Version 3.141592653-2.6-1.40.24 (MiKTeX 21.12) (preloaded format=pdflatex 2022.1.12)  12 OCT 2023 17:12
entering extended mode
 restricted \write18 enabled.
 %&-line parsing enabled.
**./Assignment2_Report.tex
(Assignment2_Report.tex
LaTeX2e <2021-11-15> patch level 1
L3 programming layer <2021-11-22>
(C:\Users\Mohit\AppData\Local\Programs\MiKTeX\tex/latex/base\article.cls
Document Class: article 2021/10/04 v1.4n Standard LaTeX document class
(C:\Users\Mohit\AppData\Local\Programs\MiKTeX\tex/latex/base\size10.clo
File: size10.clo 2021/10/04 v1.4n Standard LaTeX file (size option)
)
\c@part=\count183
\c@section=\count184
\c@subsection=\count185
\c@subsubsection=\count186
\c@paragraph=\count187
\c@subparagraph=\count188
\c@figure=\count189
\c@table=\count190
\abovecaptionskip=\skip47
\belowcaptionskip=\skip48
\bibindent=\dimen138
)
(C:\Users\Mohit\AppData\Local\Programs\MiKTeX\tex/latex/graphics\graphicx.sty
Package: graphicx 2021/09/16 v1.2d Enhanced LaTeX Graphics (DPC,SPQR)

(C:\Users\Mohit\AppData\Local\Programs\MiKTeX\tex/latex/graphics\keyval.sty
Package: keyval 2014/10/28 v1.15 key=value parser (DPC)
\KV@toks@=\toks16
)
(C:\Users\Mohit\AppData\Local\Programs\MiKTeX\tex/latex/graphics\graphics.sty
Package: graphics 2021/03/04 v1.4d Standard LaTeX Graphics (DPC,SPQR)

(C:\Users\Mohit\AppData\Local\Programs\MiKTeX\tex/latex/graphics\trig.sty
Package: trig 2021/08/11 v1.11 sin cos tan (DPC)
)
(C:\Users\Mohit\AppData\Local\Programs\MiKTeX\tex/latex/graphics-cfg\graphics.c
fg
File: graphics.cfg 2016/06/04 v1.11 sample graphics configuration
)
Package graphics Info: Driver file: pdftex.def on input line 107.

(C:\Users\Mohit\AppData\Local\Programs\MiKTeX\tex/latex/graphics-def\pdftex.def
File: pdftex.def 2020/10/05 v1.2a Graphics/color driver for pdftex
))
\Gin@req@height=\dimen139
\Gin@req@width=\dimen140
) (C:\Users\Mohit\AppData\Local\Programs\MiKTeX\tex/latex/tools\verbatim.sty
Package: verbatim 2020-07-07 v1.5u LaTeX2e package for verbatim enhancements
\every@verbatim=\toks17
\verbatim@line=\toks18
\verbatim@in@stream=\read2
) (C:\Users\Mohit\AppData\Local\Programs\MiKTeX\tex/latex/base\inputenc.sty
Package: inputenc 2021/02/14 v1.3d Input encoding file
\inpenc@prehook=\toks19
\inpenc@posthook=\toks20
)
(C:\Users\Mohit\AppData\Local\Programs\MiKTeX\tex/latex/float\float.sty
Package: float 2001/11/08 v1.3d Float enhancements (AL)
\c@float@type=\count191
\float@exts=\toks21
\float@box=\box50
\@float@everytoks=\toks22
\@floatcapt=\box51
)
(C:\Users\Mohit\AppData\Local\Programs\MiKTeX\tex/latex/fancyvrb\fancyvrb.sty
Package: fancyvrb 2022/06/06 4.5 verbatim text (tvz,hv)
\FV@CodeLineNo=\count192
\FV@InFile=\read3
\FV@TabBox=\box52
\c@FancyVerbLine=\count193
\FV@StepNumber=\count194
\FV@OutFile=\write3
)
(C:\Users\Mohit\AppData\Local\Programs\MiKTeX\tex/latex/varwidth\varwidth.sty
Package: varwidth 2009/03/30 ver 0.92;  Variable-width minipages
\@vwid@box=\box53
\sift@deathcycles=\count195
\@vwid@loff=\dimen141
\@vwid@roff=\dimen142
)
(C:\Users\Mohit\AppData\Local\Programs\MiKTeX\tex/latex/amsmath\amsmath.sty
Package: amsmath 2021/10/15 v2.17l AMS math features
\@mathmargin=\skip49

For additional information on amsmath, use the `?' option.
(C:\Users\Mohit\AppData\Local\Programs\MiKTeX\tex/latex/amsmath\amstext.sty
Package: amstext 2021/08/26 v2.01 AMS text

(C:\Users\Mohit\AppData\Local\Programs\MiKTeX\tex/latex/amsmath\amsgen.sty
File: amsgen.sty 1999/11/30 v2.0 generic functions
\@emptytoks=\toks23
\ex@=\dimen143
))
(C:\Users\Mohit\AppData\Local\Programs\MiKTeX\tex/latex/amsmath\amsbsy.sty
Package: amsbsy 1999/11/29 v1.2d Bold Symbols
\pmbraise@=\dimen144
)
(C:\Users\Mohit\AppData\Local\Programs\MiKTeX\tex/latex/amsmath\amsopn.sty
Package: amsopn 2021/08/26 v2.02 operator names
)
\inf@bad=\count196
LaTeX Info: Redefining \frac on input line 234.
\uproot@=\count197
\leftroot@=\count198
LaTeX Info: Redefining \overline on input line 399.
\classnum@=\count199
\DOTSCASE@=\count266
LaTeX Info: Redefining \ldots on input line 496.
LaTeX Info: Redefining \dots on input line 499.
LaTeX Info: Redefining \cdots on input line 620.
\Mathstrutbox@=\box54
\strutbox@=\box55
\big@size=\dimen145
LaTeX Font Info:    Redeclaring font encoding OML on input line 743.
LaTeX Font Info:    Redeclaring font encoding OMS on input line 744.
\macc@depth=\count267
\c@MaxMatrixCols=\count268
\dotsspace@=\muskip16
\c@parentequation=\count269
\dspbrk@lvl=\count270
\tag@help=\toks24
\row@=\count271
\column@=\count272
\maxfields@=\count273
\andhelp@=\toks25
\eqnshift@=\dimen146
\alignsep@=\dimen147
\tagshift@=\dimen148
\tagwidth@=\dimen149
\totwidth@=\dimen150
\lineht@=\dimen151
\@envbody=\toks26
\multlinegap=\skip50
\multlinetaggap=\skip51
\mathdisplay@stack=\toks27
LaTeX Info: Redefining \[ on input line 2938.
LaTeX Info: Redefining \] on input line 2939.
)
(C:\Users\Mohit\AppData\Local\Programs\MiKTeX\tex/latex/siunitx\siunitx.sty
Package: siunitx 2022-01-05 v3.0.39 A comprehensive (SI) units package
\l__siunitx_angle_tmp_dim=\dimen152
\l__siunitx_angle_marker_box=\box56
\l__siunitx_angle_unit_box=\box57
\l__siunitx_compound_count_int=\count274

(C:\Users\Mohit\AppData\Local\Programs\MiKTeX\tex/latex/translations\translatio
ns.sty
Package: translations 2022/01/04 v1.11 internationalization of LaTeX2e packages
 (CN)

(C:\Users\Mohit\AppData\Local\Programs\MiKTeX\tex/latex/etoolbox\etoolbox.sty
Package: etoolbox 2020/10/05 v2.5k e-TeX tools for LaTeX (JAW)
\etb@tempcnta=\count275
)
(C:\Users\Mohit\AppData\Local\Programs\MiKTeX\tex/generic/pdftexcmds\pdftexcmds
.sty
Package: pdftexcmds 2020-06-27 v0.33 Utility functions of pdfTeX for LuaTeX (HO
)

(C:\Users\Mohit\AppData\Local\Programs\MiKTeX\tex/generic/infwarerr\infwarerr.s
ty
Package: infwarerr 2019/12/03 v1.5 Providing info/warning/error messages (HO)
) (C:\Users\Mohit\AppData\Local\Programs\MiKTeX\tex/generic/iftex\iftex.sty
Package: iftex 2020/03/06 v1.0d TeX engine tests
)
(C:\Users\Mohit\AppData\Local\Programs\MiKTeX\tex/generic/ltxcmds\ltxcmds.sty
Package: ltxcmds 2020-05-10 v1.25 LaTeX kernel commands for general use (HO)
)
Package pdftexcmds Info: \pdf@primitive is available.
Package pdftexcmds Info: \pdf@ifprimitive is available.
Package pdftexcmds Info: \pdfdraftmode found.
))
\l__siunitx_number_exponent_fixed_int=\count276
\l__siunitx_number_min_decimal_int=\count277
\l__siunitx_number_min_integer_int=\count278
\l__siunitx_number_round_precision_int=\count279
\l__siunitx_number_group_minimum_int=\count280
\l__siunitx_table_tmp_box=\box58
\l__siunitx_table_tmp_dim=\dimen153
\l__siunitx_table_column_width_dim=\dimen154
\l__siunitx_table_integer_box=\box59
\l__siunitx_table_decimal_box=\box60
\l__siunitx_table_before_box=\box61
\l__siunitx_table_after_box=\box62
\l__siunitx_table_before_dim=\dimen155
\l__siunitx_table_carry_dim=\dimen156
\l__siunitx_unit_tmp_int=\count281
\l__siunitx_unit_position_int=\count282
\l__siunitx_unit_total_int=\count283

(C:\Users\Mohit\AppData\Local\Programs\MiKTeX\tex/latex/l3packages/l3keys2e\l3k
eys2e.sty
(C:\Users\Mohit\AppData\Local\Programs\MiKTeX\tex/latex/l3kernel\expl3.sty
Package: expl3 2021-11-22 L3 programming layer (loader) 

(C:\Users\Mohit\AppData\Local\Programs\MiKTeX\tex/latex/l3backend\l3backend-pdf
tex.def
File: l3backend-pdftex.def 2021-10-18 L3 backend support: PDF output (pdfTeX)
\l__color_backend_stack_int=\count284
\l__pdf_internal_box=\box63
))
Package: l3keys2e 2021-11-12 LaTeX2e option processing using LaTeX3 keys
)
(C:\Users\Mohit\AppData\Local\Programs\MiKTeX\tex/latex/tools\array.sty
Package: array 2021/10/04 v2.5f Tabular extension package (FMi)
\col@sep=\dimen157
\ar@mcellbox=\box64
\extrarowheight=\dimen158
\NC@list=\toks28
\extratabsurround=\skip52
\backup@length=\skip53
\ar@cellbox=\box65
))
Package translations Info: No language package found. I am going to use `englis
h' as default language. on input line 19.

(Assignment2_Report.aux)
\openout1 = `Assignment2_Report.aux'.

LaTeX Font Info:    Checking defaults for OML/cmm/m/it on input line 19.
LaTeX Font Info:    ... okay on input line 19.
LaTeX Font Info:    Checking defaults for OMS/cmsy/m/n on input line 19.
LaTeX Font Info:    ... okay on input line 19.
LaTeX Font Info:    Checking defaults for OT1/cmr/m/n on input line 19.
LaTeX Font Info:    ... okay on input line 19.
LaTeX Font Info:    Checking defaults for T1/cmr/m/n on input line 19.
LaTeX Font Info:    ... okay on input line 19.
LaTeX Font Info:    Checking defaults for TS1/cmr/m/n on input line 19.
LaTeX Font Info:    ... okay on input line 19.
LaTeX Font Info:    Checking defaults for OMX/cmex/m/n on input line 19.
LaTeX Font Info:    ... okay on input line 19.
LaTeX Font Info:    Checking defaults for U/cmr/m/n on input line 19.
LaTeX Font Info:    ... okay on input line 19.

(C:\Users\Mohit\AppData\Local\Programs\MiKTeX\tex/context/base/mkii\supp-pdf.mk
ii
[Loading MPS to PDF converter (version 2006.09.02).]
\scratchcounter=\count285
\scratchdimen=\dimen159
\scratchbox=\box66
\nofMPsegments=\count286
\nofMParguments=\count287
\everyMPshowfont=\toks29
\MPscratchCnt=\count288
\MPscratchDim=\dimen160
\MPnumerator=\count289
\makeMPintoPDFobject=\count290
\everyMPtoPDFconversion=\toks30
)
(C:\Users\Mohit\AppData\Local\Programs\MiKTeX\tex/latex/epstopdf-pkg\epstopdf-b
ase.sty
Package: epstopdf-base 2020-01-24 v2.11 Base part for package epstopdf
Package epstopdf-base Info: Redefining graphics rule for `.eps' on input line 4
85.

(C:\Users\Mohit\AppData\Local\Programs\MiKTeX\tex/latex/00miktex\epstopdf-sys.c
fg
File: epstopdf-sys.cfg 2021/03/18 v2.0 Configuration of epstopdf for MiKTeX
)) (C:\Users\Mohit\AppData\Local\Programs\MiKTeX\tex/latex/graphics\color.sty
Package: color 2021/10/11 v1.3b Standard LaTeX Color (DPC)
(C:\Users\Mohit\AppData\Local\Programs\MiKTeX\tex/latex/graphics-cfg\color.cfg
File: color.cfg 2016/01/02 v1.6 sample color configuration
)
Package color Info: Driver file: pdftex.def on input line 149.
)
(C:\Users\Mohit\AppData\Local\Programs\MiKTeX\tex/latex/translations/dicts\tran
slations-basic-dictionary-english.trsl
File: translations-basic-dictionary-english.trsl (english translation file `tra
nslations-basic-dictionary')
)
Package translations Info: loading dictionary `translations-basic-dictionary' f
or `english'. on input line 19.
<LOGO.jpeg, id=1, 1204.5pt x 1180.41pt>
File: LOGO.jpeg Graphic file (type jpg)
<use LOGO.jpeg>
Package pdftex.def Info: LOGO.jpeg  used on input line 24.
(pdftex.def)             Requested size: 240.89574pt x 236.07782pt.
 [1

{C:/Users/Mohit/AppData/Local/MiKTeX/fonts/map/pdftex/pdftex.map} <./LOGO.jpeg>
]
<actual.png, id=10, 635.2533pt x 284.0211pt>
File: actual.png Graphic file (type png)
<use actual.png>
Package pdftex.def Info: actual.png  used on input line 50.
(pdftex.def)             Requested size: 317.62587pt x 142.0102pt.
<emph.png, id=12, 635.2533pt x 284.0211pt>
File: emph.png Graphic file (type png)
<use emph.png>
Package pdftex.def Info: emph.png  used on input line 56.
(pdftex.def)             Requested size: 317.62587pt x 142.0102pt.
 [2 <./actual.png> <./emph.png>]
<mag.png, id=18, 627.3036pt x 284.0211pt>
File: mag.png Graphic file (type png)
<use mag.png>
Package pdftex.def Info: mag.png  used on input line 75.
(pdftex.def)             Requested size: 313.65103pt x 142.0102pt.
<err.png, id=19, 505.89pt x 284.0211pt>
File: err.png Graphic file (type png)
<use err.png>
Package pdftex.def Info: err.png  used on input line 93.
(pdftex.def)             Requested size: 252.94437pt x 142.0102pt.

[3 <./mag.png>]
<p6.png, id=24, 515.2851pt x 506.6127pt>
File: p6.png Graphic file (type png)
<use p6.png>
Package pdftex.def Info: p6.png  used on input line 111.
(pdftex.def)             Requested size: 412.22864pt x 405.2907pt.

Overfull \hbox (67.22864pt too wide) in paragraph at lines 111--112
 [] 
 []

[4 <./err.png>]
<p10.png, id=29, 515.2851pt x 506.6127pt>
File: p10.png Graphic file (type png)
<use p10.png>
Package pdftex.def Info: p10.png  used on input line 117.
(pdftex.def)             Requested size: 412.22864pt x 405.2907pt.

Overfull \hbox (67.22864pt too wide) in paragraph at lines 117--118
 [] 
 []

[5 <./p6.png>] [6 <./p10.png>]
<gain1.png, id=39, 739.3221pt x 506.6127pt>
File: gain1.png Graphic file (type png)
<use gain1.png>
Package pdftex.def Info: gain1.png  used on input line 143.
(pdftex.def)             Requested size: 369.66014pt x 253.30573pt.

Overfull \hbox (24.66014pt too wide) in paragraph at lines 143--144
 [] 
 []

<2p.png, id=40, 315.0972pt x 304.9794pt>
File: 2p.png Graphic file (type png)
<use 2p.png>
Package pdftex.def Info: 2p.png  used on input line 149.
(pdftex.def)             Requested size: 252.0781pt x 243.98384pt.
[7 <./gain1.png>]
<4p.png, id=46, 310.761pt x 304.9794pt>
File: 4p.png Graphic file (type png)
<use 4p.png>
Package pdftex.def Info: 4p.png  used on input line 155.
(pdftex.def)             Requested size: 248.60913pt x 243.98384pt.
<6p.png, id=47, 320.1561pt x 304.9794pt>
File: 6p.png Graphic file (type png)
<use 6p.png>
Package pdftex.def Info: 6p.png  used on input line 161.
(pdftex.def)             Requested size: 256.12521pt x 243.98384pt.
 [8 <./2p.png> <./4p.png>]
<8p.png, id=53, 315.0972pt x 304.9794pt>
File: 8p.png Graphic file (type png)
<use 8p.png>
Package pdftex.def Info: 8p.png  used on input line 167.
(pdftex.def)             Requested size: 252.0781pt x 243.98384pt.
<10p.png, id=54, 310.761pt x 304.9794pt>
File: 10p.png Graphic file (type png)
<use 10p.png>
Package pdftex.def Info: 10p.png  used on input line 173.
(pdftex.def)             Requested size: 248.60913pt x 243.98384pt.
 [9 <./6p.png> <./8p.png>]
<res.png, id=60, 859.2903pt x 570.933pt>
File: res.png Graphic file (type png)
<use res.png>
Package pdftex.def Info: res.png  used on input line 197.
(pdftex.def)             Requested size: 429.64409pt x 285.46579pt.

Overfull \hbox (84.64409pt too wide) in paragraph at lines 197--198
 [] 
 []

[10 <./10p.png>]
<acf_act.png, id=65, 454.5783pt x 339.669pt>
File: acf_act.png Graphic file (type png)
<use acf_act.png>
Package pdftex.def Info: acf_act.png  used on input line 203.
(pdftex.def)             Requested size: 363.66312pt x 271.73557pt.

Overfull \hbox (18.66312pt too wide) in paragraph at lines 203--204
 [] 
 []

[11 <./res.png>]
<acf_err.png, id=70, 454.5783pt x 339.669pt>
File: acf_err.png Graphic file (type png)
<use acf_err.png>
Package pdftex.def Info: acf_err.png  used on input line 209.
(pdftex.def)             Requested size: 363.66312pt x 271.73557pt.

Overfull \hbox (18.66312pt too wide) in paragraph at lines 209--210
 [] 
 []

[12 <./acf_act.png>]
Underfull \hbox (badness 10000) in paragraph at lines 221--222

 []


Underfull \hbox (badness 10000) in paragraph at lines 223--224

 []

[13 <./acf_err.png>]
<imp.png, id=80, 409.7709pt x 328.8285pt>
File: imp.png Graphic file (type png)
<use imp.png>
Package pdftex.def Info: imp.png  used on input line 235.
(pdftex.def)             Requested size: 327.81715pt x 263.06316pt.
<rec.png, id=81, 469.0323pt x 369.2997pt>
File: rec.png Graphic file (type png)
<use rec.png>
Package pdftex.def Info: rec.png  used on input line 241.
(pdftex.def)             Requested size: 234.51558pt x 184.64938pt.
 [14 <./imp.png>]
<act2.png, id=86, 629.4717pt x 284.0211pt>
File: act2.png Graphic file (type png)
<use act2.png>
Package pdftex.def Info: act2.png  used on input line 265.
(pdftex.def)             Requested size: 314.73508pt x 142.0102pt.
 [15 <./rec.png>]
<emph2.png, id=91, 628.749pt x 284.0211pt>
File: emph2.png Graphic file (type png)
<use emph2.png>
Package pdftex.def Info: emph2.png  used on input line 271.
(pdftex.def)             Requested size: 314.37372pt x 142.0102pt.
<mag2.png, id=92, 620.7993pt x 284.0211pt>
File: mag2.png Graphic file (type png)
<use mag2.png>
Package pdftex.def Info: mag2.png  used on input line 277.
(pdftex.def)             Requested size: 310.3989pt x 142.0102pt.
<err2.png, id=93, 499.3857pt x 284.0211pt>
File: err2.png Graphic file (type png)
<use err2.png>
Package pdftex.def Info: err2.png  used on input line 283.
(pdftex.def)             Requested size: 249.69223pt x 142.0102pt.
 [16 <./act2.png> <./emph2.png> <./mag2.png>]
<p6_2.png, id=100, 515.2851pt x 506.6127pt>
File: p6_2.png Graphic file (type png)
<use p6_2.png>
Package pdftex.def Info: p6_2.png  used on input line 289.
(pdftex.def)             Requested size: 412.22864pt x 405.2907pt.

Overfull \hbox (67.22864pt too wide) in paragraph at lines 289--290
 [] 
 []

[17 <./err2.png>]
<p10_2.png, id=105, 515.2851pt x 506.6127pt>
File: p10_2.png Graphic file (type png)
<use p10_2.png>
Package pdftex.def Info: p10_2.png  used on input line 295.
(pdftex.def)             Requested size: 412.22864pt x 405.2907pt.

Overfull \hbox (67.22864pt too wide) in paragraph at lines 295--296
 [] 
 []

[18 <./p6_2.png>]
<2p2.png, id=110, 300.6432pt x 304.9794pt>
File: 2p2.png Graphic file (type png)
<use 2p2.png>
Package pdftex.def Info: 2p2.png  used on input line 301.
(pdftex.def)             Requested size: 240.51488pt x 243.98384pt.
 [19 <./p10_2.png>]
<4p2.png, id=116, 299.9205pt x 304.9794pt>
File: 4p2.png Graphic file (type png)
<use 4p2.png>
Package pdftex.def Info: 4p2.png  used on input line 307.
(pdftex.def)             Requested size: 239.9367pt x 243.98384pt.
<6p2.png, id=117, 309.3156pt x 304.9794pt>
File: 6p2.png Graphic file (type png)
<use 6p2.png>
Package pdftex.def Info: 6p2.png  used on input line 313.
(pdftex.def)             Requested size: 247.4528pt x 243.98384pt.
 [20 <./2p2.png> <./4p2.png>]
<8p2.png, id=123, 300.6432pt x 304.9794pt>
File: 8p2.png Graphic file (type png)
<use 8p2.png>
Package pdftex.def Info: 8p2.png  used on input line 319.
(pdftex.def)             Requested size: 240.51488pt x 243.98384pt.
<10p2.png, id=124, 299.9205pt x 304.9794pt>
File: 10p2.png Graphic file (type png)
<use 10p2.png>
Package pdftex.def Info: 10p2.png  used on input line 325.
(pdftex.def)             Requested size: 239.9367pt x 243.98384pt.
 [21 <./6p2.png> <./8p2.png>]
<gain2.png, id=130, 739.3221pt x 506.6127pt>
File: gain2.png Graphic file (type png)
<use gain2.png>
Package pdftex.def Info: gain2.png  used on input line 331.
(pdftex.def)             Requested size: 369.66014pt x 253.30573pt.

Overfull \hbox (24.66014pt too wide) in paragraph at lines 331--332
 [] 
 []

<res2.png, id=131, 859.2903pt x 570.933pt>
File: res2.png Graphic file (type png)
<use res2.png>
Package pdftex.def Info: res2.png  used on input line 337.
(pdftex.def)             Requested size: 429.64409pt x 285.46579pt.

Overfull \hbox (84.64409pt too wide) in paragraph at lines 337--338
 [] 
 []

[22 <./10p2.png> <./gain2.png>]
<acf_err2.png, id=137, 454.5783pt x 339.669pt>
File: acf_err2.png Graphic file (type png)
<use acf_err2.png>
Package pdftex.def Info: acf_err2.png  used on input line 343.
(pdftex.def)             Requested size: 363.66312pt x 271.73557pt.

Overfull \hbox (18.66312pt too wide) in paragraph at lines 343--344
 [] 
 []

[23 <./res2.png>]
<acf_act2.png, id=142, 454.5783pt x 339.669pt>
File: acf_act2.png Graphic file (type png)
<use acf_act2.png>
Package pdftex.def Info: acf_act2.png  used on input line 349.
(pdftex.def)             Requested size: 363.66312pt x 271.73557pt.

Overfull \hbox (18.66312pt too wide) in paragraph at lines 349--350
 [] 
 []

[24 <./acf_err2.png>]
<imp2.png, id=147, 409.7709pt x 328.8285pt>
File: imp2.png Graphic file (type png)
<use imp2.png>
Package pdftex.def Info: imp2.png  used on input line 355.
(pdftex.def)             Requested size: 327.81715pt x 263.06316pt.
 [25 <./acf_act2.png>]
<rec2.png, id=153, 469.0323pt x 369.2997pt>
File: rec2.png Graphic file (type png)
<use rec2.png>
Package pdftex.def Info: rec2.png  used on input line 361.
(pdftex.def)             Requested size: 375.22635pt x 295.44014pt.

Overfull \hbox (30.22635pt too wide) in paragraph at lines 361--362
 [] 
 []

[26 <./imp2.png>] [27 <./rec2.png>] (Assignment2_Report.aux) ) 
Here is how much of TeX's memory you used:
 6914 strings out of 478659
 160067 string characters out of 2845920
 426592 words of memory out of 3000000
 24941 multiletter control sequences out of 15000+600000
 408840 words of font info for 46 fonts, out of 8000000 for 9000
 1141 hyphenation exceptions out of 8191
 71i,7n,77p,376b,512s stack positions out of 5000i,500n,10000p,200000b,80000s
{C:/Users/Mohit/A
ppData/Local/Programs/MiKTeX/fonts/enc/dvips/cm-super/cm-super-ts1.enc}<C:/User
s/Mohit/AppData/Local/Programs/MiKTeX/fonts/type1/public/amsfonts/cm/cmbx12.pfb
><C:/Users/Mohit/AppData/Local/Programs/MiKTeX/fonts/type1/public/amsfonts/cm/c
mr10.pfb><C:/Users/Mohit/AppData/Local/Programs/MiKTeX/fonts/type1/public/amsfo
nts/cm/cmr12.pfb><C:/Users/Mohit/AppData/Local/Programs/MiKTeX/fonts/type1/publ
ic/amsfonts/cm/cmr17.pfb><C:/Users/Mohit/AppData/Local/Programs/MiKTeX/fonts/ty
pe1/public/cm-super/sfrm1000.pfb>
Output written on Assignment2_Report.pdf (27 pages, 1816960 bytes).
PDF statistics:
 185 PDF objects out of 1000 (max. 8388607)
 0 named destinations out of 1000 (max. 500000)
 176 words of extra memory for PDF output out of 10000 (max. 10000000)

